2023-05-23 19:05:331 INFO  BankManagerLoginPage :39 - Click on [[ChromeDriver: chrome on WINDOWS (55652be3e148aac3036e8b9e96db03bb)] -> xpath: //button[normalize-space()='Customer Login']]
2023-05-23 19:05:825 INFO  CustomerLoginPage :27 - Select [[ChromeDriver: chrome on WINDOWS (55652be3e148aac3036e8b9e96db03bb)] -> xpath: //select[@id='userSelect']]
2023-05-23 19:05:951 INFO  CustomerLoginPage :31 - Click on [[ChromeDriver: chrome on WINDOWS (55652be3e148aac3036e8b9e96db03bb)] -> xpath: //button[@type='submit']]
2023-05-23 19:05:367 INFO  CustomersPage :32 - Click on [[ChromeDriver: chrome on WINDOWS (55652be3e148aac3036e8b9e96db03bb)] -> xpath: //button[normalize-space()='Withdrawl']]
2023-05-23 19:05:833 INFO  AccountPage :28 - Send text [[ChromeDriver: chrome on WINDOWS (55652be3e148aac3036e8b9e96db03bb)] -> xpath: //input[@placeholder='amount']]
2023-05-23 19:05:934 INFO  AccountPage :36 - Click on [[ChromeDriver: chrome on WINDOWS (55652be3e148aac3036e8b9e96db03bb)] -> xpath: //button[@type='submit']]
2023-05-23 19:05:957 INFO  AccountPage :31 - Get text [[ChromeDriver: chrome on WINDOWS (55652be3e148aac3036e8b9e96db03bb)] -> xpath: //span[@class='error ng-binding']]
2023-05-23 19:05:203 INFO  BankManagerLoginPage :39 - Click on [[ChromeDriver: chrome on WINDOWS (5cf687c2d3bb6831b4be821db49512cc)] -> xpath: //button[normalize-space()='Customer Login']]
2023-05-23 19:05:702 INFO  CustomerLoginPage :27 - Select [[ChromeDriver: chrome on WINDOWS (5cf687c2d3bb6831b4be821db49512cc)] -> xpath: //select[@id='userSelect']]
2023-05-23 19:05:824 INFO  CustomerLoginPage :31 - Click on [[ChromeDriver: chrome on WINDOWS (5cf687c2d3bb6831b4be821db49512cc)] -> xpath: //button[@type='submit']]
2023-05-23 19:05:191 INFO  CustomersPage :28 - Click on [[ChromeDriver: chrome on WINDOWS (5cf687c2d3bb6831b4be821db49512cc)] -> xpath: //button[normalize-space()='Deposit']]
2023-05-23 19:05:679 INFO  AccountPage :28 - Send text [[ChromeDriver: chrome on WINDOWS (5cf687c2d3bb6831b4be821db49512cc)] -> xpath: //input[@placeholder='amount']]
2023-05-23 19:05:778 INFO  AccountPage :36 - Click on [[ChromeDriver: chrome on WINDOWS (5cf687c2d3bb6831b4be821db49512cc)] -> xpath: //button[@type='submit']]
2023-05-23 19:05:808 INFO  AccountPage :31 - Get text [[ChromeDriver: chrome on WINDOWS (5cf687c2d3bb6831b4be821db49512cc)] -> xpath: //span[@class='error ng-binding']]
2023-05-23 19:05:612 INFO  BankManagerLoginPage :39 - Click on [[ChromeDriver: chrome on WINDOWS (ca19987c548df8eb4f1162ce98019643)] -> xpath: //button[normalize-space()='Customer Login']]
2023-05-23 19:05:183 INFO  CustomerLoginPage :27 - Select [[ChromeDriver: chrome on WINDOWS (ca19987c548df8eb4f1162ce98019643)] -> xpath: //select[@id='userSelect']]
2023-05-23 19:05:281 INFO  CustomerLoginPage :31 - Click on [[ChromeDriver: chrome on WINDOWS (ca19987c548df8eb4f1162ce98019643)] -> xpath: //button[@type='submit']]
2023-05-23 19:05:283 INFO  CustomersPage :35 - Logout button displayed
2023-05-23 19:05:726 INFO  CustomersPage :45 - Click on [[ChromeDriver: chrome on WINDOWS (ca19987c548df8eb4f1162ce98019643)] -> xpath: //button[@class='btn logout']]
2023-05-23 19:05:744 INFO  CustomerLoginPage :34 - Get text [[ChromeDriver: chrome on WINDOWS (ca19987c548df8eb4f1162ce98019643)] -> xpath: //label[normalize-space()='Your Name :']]
2023-05-23 19:05:578 INFO  HomePage :21 - Click on [[ChromeDriver: chrome on WINDOWS (dc7a7097f59548aba47d3867f1ff3809)] -> xpath: //button[contains(text(),'Bank Manager Login')]]
2023-05-23 19:05:43 INFO  BankManagerLoginPage :31 - Click on [[ChromeDriver: chrome on WINDOWS (dc7a7097f59548aba47d3867f1ff3809)] -> xpath: //body/div[3]/div[1]/div[2]/div[1]/div[1]/button[1]]
2023-05-23 19:05:123 INFO  AddCustomerPage :31 - Send text [[ChromeDriver: chrome on WINDOWS (dc7a7097f59548aba47d3867f1ff3809)] -> xpath: //body/div[3]/div[1]/div[2]/div[1]/div[2]/div[1]/div[1]/form[1]/div[1]/input[1]]
2023-05-23 19:05:358 INFO  AddCustomerPage :35 - Send text [[ChromeDriver: chrome on WINDOWS (dc7a7097f59548aba47d3867f1ff3809)] -> xpath: //body/div[3]/div[1]/div[2]/div[1]/div[2]/div[1]/div[1]/form[1]/div[2]/input[1]]
2023-05-23 19:05:528 INFO  AddCustomerPage :39 - Send text E13DS
2023-05-23 19:05:646 INFO  AddCustomerPage :43 - Click on [[ChromeDriver: chrome on WINDOWS (dc7a7097f59548aba47d3867f1ff3809)] -> xpath: //button[@type='submit']]
2023-05-23 19:05:671 INFO  AddCustomerPage :47 - Accept alert
2023-05-23 19:05:110 INFO  HomePage :21 - Click on [[ChromeDriver: chrome on WINDOWS (a17d485519e6e72400f8c7f39fcb031f)] -> xpath: //button[contains(text(),'Bank Manager Login')]]
2023-05-23 19:05:501 INFO  BankManagerLoginPage :35 - Click on [[ChromeDriver: chrome on WINDOWS (a17d485519e6e72400f8c7f39fcb031f)] -> xpath: //button[normalize-space()='Open Account']]
2023-05-23 19:05:923 INFO  OpenAccountPage :27 - Select [[ChromeDriver: chrome on WINDOWS (a17d485519e6e72400f8c7f39fcb031f)] -> xpath: //select[@id='userSelect']]
2023-05-23 19:05:231 INFO  OpenAccountPage :31 - Select [[ChromeDriver: chrome on WINDOWS (a17d485519e6e72400f8c7f39fcb031f)] -> xpath: //select[@id='currency']]
2023-05-23 19:05:324 INFO  OpenAccountPage :35 - Click on [[ChromeDriver: chrome on WINDOWS (a17d485519e6e72400f8c7f39fcb031f)] -> xpath: //button[@type='submit']]
2023-05-23 20:05:252 INFO  BankManagerLoginPage :39 - Click on [[ChromeDriver: chrome on WINDOWS (20e4d75d40aed6684ddc758d73c141e6)] -> xpath: //button[normalize-space()='Customer Login']]
2023-05-23 20:05:680 INFO  CustomerLoginPage :27 - Select [[ChromeDriver: chrome on WINDOWS (20e4d75d40aed6684ddc758d73c141e6)] -> xpath: //select[@id='userSelect']]
2023-05-23 20:05:774 INFO  CustomerLoginPage :31 - Click on [[ChromeDriver: chrome on WINDOWS (20e4d75d40aed6684ddc758d73c141e6)] -> xpath: //button[@type='submit']]
2023-05-23 20:05:155 INFO  CustomersPage :32 - Click on [[ChromeDriver: chrome on WINDOWS (20e4d75d40aed6684ddc758d73c141e6)] -> xpath: //button[normalize-space()='Withdrawl']]
2023-05-23 20:05:511 INFO  AccountPage :28 - Send text [[ChromeDriver: chrome on WINDOWS (20e4d75d40aed6684ddc758d73c141e6)] -> xpath: //input[@placeholder='amount']]
2023-05-23 20:05:582 INFO  AccountPage :36 - Click on [[ChromeDriver: chrome on WINDOWS (20e4d75d40aed6684ddc758d73c141e6)] -> xpath: //button[@type='submit']]
2023-05-23 20:05:602 INFO  AccountPage :31 - Get text [[ChromeDriver: chrome on WINDOWS (20e4d75d40aed6684ddc758d73c141e6)] -> xpath: //span[@class='error ng-binding']]
2023-05-23 20:05:254 INFO  BankManagerLoginPage :39 - Click on [[ChromeDriver: chrome on WINDOWS (7ec1b4e012bf74f9d8f0d0c4d2834826)] -> xpath: //button[normalize-space()='Customer Login']]
2023-05-23 20:05:705 INFO  CustomerLoginPage :27 - Select [[ChromeDriver: chrome on WINDOWS (7ec1b4e012bf74f9d8f0d0c4d2834826)] -> xpath: //select[@id='userSelect']]
2023-05-23 20:05:782 INFO  CustomerLoginPage :31 - Click on [[ChromeDriver: chrome on WINDOWS (7ec1b4e012bf74f9d8f0d0c4d2834826)] -> xpath: //button[@type='submit']]
2023-05-23 20:05:158 INFO  CustomersPage :32 - Click on [[ChromeDriver: chrome on WINDOWS (7ec1b4e012bf74f9d8f0d0c4d2834826)] -> xpath: //button[normalize-space()='Withdrawl']]
2023-05-23 20:05:582 INFO  AccountPage :28 - Send text [[ChromeDriver: chrome on WINDOWS (7ec1b4e012bf74f9d8f0d0c4d2834826)] -> xpath: //input[@placeholder='amount']]
2023-05-23 20:05:665 INFO  AccountPage :36 - Click on [[ChromeDriver: chrome on WINDOWS (7ec1b4e012bf74f9d8f0d0c4d2834826)] -> xpath: //button[@type='submit']]
2023-05-23 20:05:683 INFO  AccountPage :31 - Get text [[ChromeDriver: chrome on WINDOWS (7ec1b4e012bf74f9d8f0d0c4d2834826)] -> xpath: //span[@class='error ng-binding']]
2023-05-23 20:05:344 INFO  HomePage :21 - Click on [[ChromeDriver: chrome on WINDOWS (e4aa5556f3ce55dc48c45ed4b184aeac)] -> xpath: //button[contains(text(),'Bank Manager Login')]]
2023-05-23 20:05:667 INFO  BankManagerLoginPage :31 - Click on [[ChromeDriver: chrome on WINDOWS (e4aa5556f3ce55dc48c45ed4b184aeac)] -> xpath: //body/div[3]/div[1]/div[2]/div[1]/div[1]/button[1]]
2023-05-23 20:05:600 INFO  AddCustomerPage :31 - Send text [[ChromeDriver: chrome on WINDOWS (e4aa5556f3ce55dc48c45ed4b184aeac)] -> xpath: //body/div[3]/div[1]/div[2]/div[1]/div[2]/div[1]/div[1]/form[1]/div[1]/input[1]]
2023-05-23 20:05:744 INFO  AddCustomerPage :35 - Send text [[ChromeDriver: chrome on WINDOWS (e4aa5556f3ce55dc48c45ed4b184aeac)] -> xpath: //body/div[3]/div[1]/div[2]/div[1]/div[2]/div[1]/div[1]/form[1]/div[2]/input[1]]
2023-05-23 20:05:904 INFO  AddCustomerPage :39 - Send text UB10 0AB
2023-05-23 20:05:03 INFO  AddCustomerPage :43 - Click on [[ChromeDriver: chrome on WINDOWS (e4aa5556f3ce55dc48c45ed4b184aeac)] -> xpath: //button[@type='submit']]
2023-05-23 20:05:550 INFO  HomePage :21 - Click on [[ChromeDriver: chrome on WINDOWS (ac15124e44c5eb5ace4a0105d82913d3)] -> xpath: //button[contains(text(),'Bank Manager Login')]]
2023-05-23 20:05:884 INFO  BankManagerLoginPage :31 - Click on [[ChromeDriver: chrome on WINDOWS (ac15124e44c5eb5ace4a0105d82913d3)] -> xpath: //body/div[3]/div[1]/div[2]/div[1]/div[1]/button[1]]
2023-05-23 20:05:335 INFO  AddCustomerPage :31 - Send text [[ChromeDriver: chrome on WINDOWS (ac15124e44c5eb5ace4a0105d82913d3)] -> xpath: //body/div[3]/div[1]/div[2]/div[1]/div[2]/div[1]/div[1]/form[1]/div[1]/input[1]]
2023-05-23 20:05:459 INFO  AddCustomerPage :35 - Send text [[ChromeDriver: chrome on WINDOWS (ac15124e44c5eb5ace4a0105d82913d3)] -> xpath: //body/div[3]/div[1]/div[2]/div[1]/div[2]/div[1]/div[1]/form[1]/div[2]/input[1]]
2023-05-23 20:05:598 INFO  AddCustomerPage :39 - Send text UB10 0AB
2023-05-23 20:05:694 INFO  AddCustomerPage :43 - Click on [[ChromeDriver: chrome on WINDOWS (ac15124e44c5eb5ace4a0105d82913d3)] -> xpath: //button[@type='submit']]
2023-05-23 20:05:714 INFO  AddCustomerPage :47 - Accept alert
